{"/Users/midesweb/sites/github-copilot/pomodoro/src/main.js": {"path":"/Users/midesweb/sites/github-copilot/pomodoro/src/main.js","statementMap":{},"fnMap":{},"branchMap":{},"s":{},"f":{},"b":{},"meta":{"lastBranch":0,"lastFunction":0,"lastStatement":0,"seen":{},"fnNames":{}}}
,"/Users/midesweb/sites/github-copilot/pomodoro/src/components/pom-app.js": {"path":"/Users/midesweb/sites/github-copilot/pomodoro/src/components/pom-app.js","statementMap":{"0":{"start":{"line":8,"column":34},"end":{"line":8,"column":null}},"1":{"start":{"line":9,"column":27},"end":{"line":9,"column":null}},"2":{"start":{"line":10,"column":26},"end":{"line":10,"column":null}},"3":{"start":{"line":11,"column":29},"end":{"line":11,"column":null}},"4":{"start":{"line":12,"column":26},"end":{"line":12,"column":null}},"5":{"start":{"line":15,"column":18},"end":{"line":29,"column":null}},"6":{"start":{"line":31,"column":22},"end":{"line":37,"column":null}},"7":{"start":{"line":40,"column":4},"end":{"line":40,"column":null}},"8":{"start":{"line":41,"column":4},"end":{"line":41,"column":null}},"9":{"start":{"line":42,"column":4},"end":{"line":42,"column":null}},"10":{"start":{"line":43,"column":4},"end":{"line":43,"column":null}},"11":{"start":{"line":44,"column":4},"end":{"line":44,"column":null}},"12":{"start":{"line":45,"column":4},"end":{"line":45,"column":null}},"13":{"start":{"line":46,"column":4},"end":{"line":46,"column":null}},"14":{"start":{"line":50,"column":4},"end":{"line":50,"column":null}},"15":{"start":{"line":51,"column":4},"end":{"line":51,"column":null}},"16":{"start":{"line":52,"column":4},"end":{"line":52,"column":null}},"17":{"start":{"line":56,"column":4},"end":{"line":71,"column":null}},"18":{"start":{"line":75,"column":4},"end":{"line":91,"column":null}},"19":{"start":{"line":77,"column":6},"end":{"line":77,"column":null}},"20":{"start":{"line":78,"column":6},"end":{"line":78,"column":null}},"21":{"start":{"line":79,"column":6},"end":{"line":79,"column":null}},"22":{"start":{"line":82,"column":6},"end":{"line":87,"column":null}},"23":{"start":{"line":83,"column":8},"end":{"line":86,"column":null}},"24":{"start":{"line":85,"column":12},"end":{"line":85,"column":null}},"25":{"start":{"line":90,"column":6},"end":{"line":90,"column":null}},"26":{"start":{"line":95,"column":4},"end":{"line":117,"column":null}},"27":{"start":{"line":96,"column":22},"end":{"line":96,"column":null}},"28":{"start":{"line":97,"column":6},"end":{"line":97,"column":null}},"29":{"start":{"line":100,"column":6},"end":{"line":100,"column":null}},"30":{"start":{"line":101,"column":6},"end":{"line":101,"column":null}},"31":{"start":{"line":103,"column":6},"end":{"line":112,"column":null}},"32":{"start":{"line":104,"column":8},"end":{"line":111,"column":null}},"33":{"start":{"line":105,"column":10},"end":{"line":105,"column":null}},"34":{"start":{"line":106,"column":10},"end":{"line":106,"column":null}},"35":{"start":{"line":108,"column":10},"end":{"line":108,"column":null}},"36":{"start":{"line":109,"column":10},"end":{"line":109,"column":null}},"37":{"start":{"line":110,"column":10},"end":{"line":110,"column":null}},"38":{"start":{"line":115,"column":6},"end":{"line":115,"column":null}},"39":{"start":{"line":116,"column":6},"end":{"line":116,"column":null}},"40":{"start":{"line":121,"column":4},"end":{"line":121,"column":null}},"41":{"start":{"line":122,"column":4},"end":{"line":122,"column":null}},"42":{"start":{"line":123,"column":4},"end":{"line":123,"column":null}},"43":{"start":{"line":124,"column":4},"end":{"line":124,"column":null}},"44":{"start":{"line":127,"column":4},"end":{"line":139,"column":null}},"45":{"start":{"line":128,"column":6},"end":{"line":136,"column":null}},"46":{"start":{"line":130,"column":10},"end":{"line":130,"column":null}},"47":{"start":{"line":131,"column":10},"end":{"line":131,"column":null}},"48":{"start":{"line":134,"column":10},"end":{"line":134,"column":null}},"49":{"start":{"line":135,"column":10},"end":{"line":135,"column":null}},"50":{"start":{"line":138,"column":6},"end":{"line":138,"column":null}},"51":{"start":{"line":143,"column":20},"end":{"line":143,"column":null}},"52":{"start":{"line":144,"column":20},"end":{"line":144,"column":null}},"53":{"start":{"line":145,"column":4},"end":{"line":145,"column":null}},"54":{"start":{"line":149,"column":4},"end":{"line":160,"column":null}},"55":{"start":{"line":150,"column":6},"end":{"line":157,"column":null}},"56":{"start":{"line":151,"column":8},"end":{"line":151,"column":null}},"57":{"start":{"line":152,"column":8},"end":{"line":152,"column":null}},"58":{"start":{"line":153,"column":8},"end":{"line":153,"column":null}},"59":{"start":{"line":155,"column":8},"end":{"line":155,"column":null}},"60":{"start":{"line":156,"column":8},"end":{"line":156,"column":null}},"61":{"start":{"line":159,"column":6},"end":{"line":159,"column":null}},"62":{"start":{"line":164,"column":4},"end":{"line":164,"column":null}},"63":{"start":{"line":168,"column":18},"end":{"line":168,"column":null}},"64":{"start":{"line":169,"column":4},"end":{"line":171,"column":null}},"65":{"start":{"line":170,"column":6},"end":{"line":170,"column":null}},"66":{"start":{"line":175,"column":18},"end":{"line":175,"column":null}},"67":{"start":{"line":176,"column":4},"end":{"line":178,"column":null}},"68":{"start":{"line":177,"column":6},"end":{"line":177,"column":null}},"69":{"start":{"line":182,"column":4},"end":{"line":182,"column":null}},"70":{"start":{"line":186,"column":4},"end":{"line":186,"column":null}},"71":{"start":{"line":190,"column":0},"end":{"line":190,"column":null}}},"fnMap":{"0":{"name":"constructor","decl":{"start":{"line":39,"column":2},"end":{"line":39,"column":13}},"loc":{"start":{"line":39,"column":16},"end":{"line":47,"column":null}},"line":39},"1":{"name":"connectedCallback","decl":{"start":{"line":49,"column":2},"end":{"line":49,"column":19}},"loc":{"start":{"line":49,"column":22},"end":{"line":53,"column":null}},"line":49},"2":{"name":"render","decl":{"start":{"line":55,"column":2},"end":{"line":55,"column":8}},"loc":{"start":{"line":55,"column":11},"end":{"line":72,"column":null}},"line":55},"3":{"name":"_handleStart","decl":{"start":{"line":74,"column":2},"end":{"line":74,"column":14}},"loc":{"start":{"line":74,"column":17},"end":{"line":92,"column":null}},"line":74},"4":{"name":"(anonymous_4)","decl":{"start":{"line":84,"column":17},"end":{"line":84,"column":18}},"loc":{"start":{"line":84,"column":26},"end":{"line":86,"column":11}},"line":84},"5":{"name":"_startSessionWithAPI","decl":{"start":{"line":94,"column":8},"end":{"line":94,"column":28}},"loc":{"start":{"line":94,"column":31},"end":{"line":118,"column":null}},"line":94},"6":{"name":"(anonymous_6)","decl":{"start":{"line":103,"column":34},"end":{"line":103,"column":35}},"loc":{"start":{"line":103,"column":40},"end":{"line":112,"column":7}},"line":103},"7":{"name":"_handleReset","decl":{"start":{"line":120,"column":2},"end":{"line":120,"column":14}},"loc":{"start":{"line":120,"column":17},"end":{"line":140,"column":null}},"line":120},"8":{"name":"(anonymous_8)","decl":{"start":{"line":129,"column":14},"end":{"line":129,"column":15}},"loc":{"start":{"line":129,"column":20},"end":{"line":132,"column":9}},"line":129},"9":{"name":"(anonymous_9)","decl":{"start":{"line":133,"column":15},"end":{"line":133,"column":16}},"loc":{"start":{"line":133,"column":24},"end":{"line":136,"column":9}},"line":133},"10":{"name":"_updateTimeDisplay","decl":{"start":{"line":142,"column":2},"end":{"line":142,"column":20}},"loc":{"start":{"line":142,"column":23},"end":{"line":146,"column":null}},"line":142},"11":{"name":"_stopSessionAndNotify","decl":{"start":{"line":148,"column":8},"end":{"line":148,"column":29}},"loc":{"start":{"line":148,"column":32},"end":{"line":161,"column":null}},"line":148},"12":{"name":"_playNotification","decl":{"start":{"line":163,"column":2},"end":{"line":163,"column":19}},"loc":{"start":{"line":163,"column":22},"end":{"line":165,"column":null}},"line":163},"13":{"name":"positiveFeedback","decl":{"start":{"line":167,"column":2},"end":{"line":167,"column":18}},"loc":{"start":{"line":167,"column":28},"end":{"line":172,"column":null}},"line":167},"14":{"name":"negativeFeedback","decl":{"start":{"line":174,"column":2},"end":{"line":174,"column":18}},"loc":{"start":{"line":174,"column":28},"end":{"line":179,"column":null}},"line":174},"15":{"name":"_handlePositiveFeedback","decl":{"start":{"line":181,"column":2},"end":{"line":181,"column":25}},"loc":{"start":{"line":181,"column":33},"end":{"line":183,"column":null}},"line":181},"16":{"name":"_handleNegativeFeedback","decl":{"start":{"line":185,"column":2},"end":{"line":185,"column":25}},"loc":{"start":{"line":185,"column":33},"end":{"line":187,"column":null}},"line":185}},"branchMap":{"0":{"loc":{"start":{"line":75,"column":4},"end":{"line":91,"column":null}},"type":"if","locations":[{"start":{"line":75,"column":4},"end":{"line":91,"column":null}},{"start":{"line":88,"column":11},"end":{"line":91,"column":null}}],"line":75},"1":{"loc":{"start":{"line":82,"column":6},"end":{"line":87,"column":null}},"type":"if","locations":[{"start":{"line":82,"column":6},"end":{"line":87,"column":null}},{"start":{},"end":{}}],"line":82},"2":{"loc":{"start":{"line":104,"column":8},"end":{"line":111,"column":null}},"type":"if","locations":[{"start":{"line":104,"column":8},"end":{"line":111,"column":null}},{"start":{"line":107,"column":15},"end":{"line":111,"column":null}}],"line":104},"3":{"loc":{"start":{"line":127,"column":4},"end":{"line":139,"column":null}},"type":"if","locations":[{"start":{"line":127,"column":4},"end":{"line":139,"column":null}},{"start":{"line":137,"column":11},"end":{"line":139,"column":null}}],"line":127},"4":{"loc":{"start":{"line":149,"column":4},"end":{"line":160,"column":null}},"type":"if","locations":[{"start":{"line":149,"column":4},"end":{"line":160,"column":null}},{"start":{"line":158,"column":11},"end":{"line":160,"column":null}}],"line":149},"5":{"loc":{"start":{"line":169,"column":4},"end":{"line":171,"column":null}},"type":"if","locations":[{"start":{"line":169,"column":4},"end":{"line":171,"column":null}},{"start":{},"end":{}}],"line":169},"6":{"loc":{"start":{"line":176,"column":4},"end":{"line":178,"column":null}},"type":"if","locations":[{"start":{"line":176,"column":4},"end":{"line":178,"column":null}},{"start":{},"end":{}}],"line":176}},"s":{"0":1,"1":1,"2":1,"3":1,"4":1,"5":1,"6":1,"7":35,"8":35,"9":35,"10":35,"11":35,"12":35,"13":35,"14":35,"15":35,"16":35,"17":338,"18":30,"19":7,"20":7,"21":7,"22":7,"23":7,"24":0,"25":23,"26":23,"27":23,"28":20,"29":20,"30":20,"31":20,"32":274,"33":274,"34":274,"35":0,"36":0,"37":0,"38":3,"39":3,"40":1,"41":1,"42":1,"43":1,"44":1,"45":1,"46":1,"47":1,"48":0,"49":0,"50":0,"51":274,"52":274,"53":274,"54":0,"55":0,"56":0,"57":0,"58":0,"59":0,"60":0,"61":0,"62":0,"63":29,"64":29,"65":29,"66":3,"67":3,"68":3,"69":1,"70":0,"71":1},"f":{"0":35,"1":35,"2":338,"3":30,"4":0,"5":23,"6":274,"7":1,"8":1,"9":0,"10":274,"11":0,"12":0,"13":29,"14":3,"15":1,"16":0},"b":{"0":[7,23],"1":[7,0],"2":[274,0],"3":[1,0],"4":[0,0],"5":[29,0],"6":[3,0]},"meta":{"lastBranch":7,"lastFunction":17,"lastStatement":72,"seen":{"s:8:34:8:Infinity":0,"s:9:27:9:Infinity":1,"s:10:26:10:Infinity":2,"s:11:29:11:Infinity":3,"s:12:26:12:Infinity":4,"s:15:18:29:Infinity":5,"s:31:22:37:Infinity":6,"f:39:2:39:13":0,"s:40:4:40:Infinity":7,"s:41:4:41:Infinity":8,"s:42:4:42:Infinity":9,"s:43:4:43:Infinity":10,"s:44:4:44:Infinity":11,"s:45:4:45:Infinity":12,"s:46:4:46:Infinity":13,"f:49:2:49:19":1,"s:50:4:50:Infinity":14,"s:51:4:51:Infinity":15,"s:52:4:52:Infinity":16,"f:55:2:55:8":2,"s:56:4:71:Infinity":17,"f:74:2:74:14":3,"b:75:4:91:Infinity:88:11:91:Infinity":0,"s:75:4:91:Infinity":18,"s:77:6:77:Infinity":19,"s:78:6:78:Infinity":20,"s:79:6:79:Infinity":21,"b:82:6:87:Infinity:undefined:undefined:undefined:undefined":1,"s:82:6:87:Infinity":22,"s:83:8:86:Infinity":23,"f:84:17:84:18":4,"s:85:12:85:Infinity":24,"s:90:6:90:Infinity":25,"f:94:8:94:28":5,"s:95:4:117:Infinity":26,"s:96:22:96:Infinity":27,"s:97:6:97:Infinity":28,"s:100:6:100:Infinity":29,"s:101:6:101:Infinity":30,"s:103:6:112:Infinity":31,"f:103:34:103:35":6,"b:104:8:111:Infinity:107:15:111:Infinity":2,"s:104:8:111:Infinity":32,"s:105:10:105:Infinity":33,"s:106:10:106:Infinity":34,"s:108:10:108:Infinity":35,"s:109:10:109:Infinity":36,"s:110:10:110:Infinity":37,"s:115:6:115:Infinity":38,"s:116:6:116:Infinity":39,"f:120:2:120:14":7,"s:121:4:121:Infinity":40,"s:122:4:122:Infinity":41,"s:123:4:123:Infinity":42,"s:124:4:124:Infinity":43,"b:127:4:139:Infinity:137:11:139:Infinity":3,"s:127:4:139:Infinity":44,"s:128:6:136:Infinity":45,"f:129:14:129:15":8,"s:130:10:130:Infinity":46,"s:131:10:131:Infinity":47,"f:133:15:133:16":9,"s:134:10:134:Infinity":48,"s:135:10:135:Infinity":49,"s:138:6:138:Infinity":50,"f:142:2:142:20":10,"s:143:20:143:Infinity":51,"s:144:20:144:Infinity":52,"s:145:4:145:Infinity":53,"f:148:8:148:29":11,"b:149:4:160:Infinity:158:11:160:Infinity":4,"s:149:4:160:Infinity":54,"s:150:6:157:Infinity":55,"s:151:8:151:Infinity":56,"s:152:8:152:Infinity":57,"s:153:8:153:Infinity":58,"s:155:8:155:Infinity":59,"s:156:8:156:Infinity":60,"s:159:6:159:Infinity":61,"f:163:2:163:19":12,"s:164:4:164:Infinity":62,"f:167:2:167:18":13,"s:168:18:168:Infinity":63,"b:169:4:171:Infinity:undefined:undefined:undefined:undefined":5,"s:169:4:171:Infinity":64,"s:170:6:170:Infinity":65,"f:174:2:174:18":14,"s:175:18:175:Infinity":66,"b:176:4:178:Infinity:undefined:undefined:undefined:undefined":6,"s:176:4:178:Infinity":67,"s:177:6:177:Infinity":68,"f:181:2:181:25":15,"s:182:4:182:Infinity":69,"f:185:2:185:25":16,"s:186:4:186:Infinity":70,"s:190:0:190:Infinity":71},"fnNames":{}}}
,"/Users/midesweb/sites/github-copilot/pomodoro/src/components/pom-pomodoro-guide.js": {"path":"/Users/midesweb/sites/github-copilot/pomodoro/src/components/pom-pomodoro-guide.js","statementMap":{"0":{"start":{"line":4,"column":14},"end":{"line":8,"column":1}},"1":{"start":{"line":10,"column":23},"end":{"line":26,"column":1}},"2":{"start":{"line":28,"column":18},"end":{"line":45,"column":1}},"3":{"start":{"line":47,"column":25},"end":{"line":69,"column":1}},"4":{"start":{"line":72,"column":22},"end":{"line":76,"column":3}},"5":{"start":{"line":301,"column":18},"end":{"line":606,"column":3}},"6":{"start":{"line":79,"column":4},"end":{"line":79,"column":null}},"7":{"start":{"line":80,"column":4},"end":{"line":80,"column":null}},"8":{"start":{"line":81,"column":4},"end":{"line":81,"column":null}},"9":{"start":{"line":82,"column":4},"end":{"line":82,"column":null}},"10":{"start":{"line":86,"column":4},"end":{"line":97,"column":null}},"11":{"start":{"line":87,"column":6},"end":{"line":87,"column":null}},"12":{"start":{"line":88,"column":6},"end":{"line":88,"column":null}},"13":{"start":{"line":89,"column":6},"end":{"line":89,"column":null}},"14":{"start":{"line":90,"column":6},"end":{"line":96,"column":null}},"15":{"start":{"line":101,"column":21},"end":{"line":101,"column":39}},"16":{"start":{"line":102,"column":4},"end":{"line":111,"column":null}},"17":{"start":{"line":103,"column":6},"end":{"line":103,"column":null}},"18":{"start":{"line":104,"column":6},"end":{"line":110,"column":null}},"19":{"start":{"line":115,"column":4},"end":{"line":124,"column":null}},"20":{"start":{"line":116,"column":6},"end":{"line":116,"column":null}},"21":{"start":{"line":117,"column":6},"end":{"line":123,"column":null}},"22":{"start":{"line":128,"column":4},"end":{"line":137,"column":null}},"23":{"start":{"line":130,"column":8},"end":{"line":130,"column":null}},"24":{"start":{"line":132,"column":8},"end":{"line":132,"column":null}},"25":{"start":{"line":134,"column":8},"end":{"line":134,"column":null}},"26":{"start":{"line":136,"column":8},"end":{"line":136,"column":null}},"27":{"start":{"line":141,"column":4},"end":{"line":141,"column":null}},"28":{"start":{"line":145,"column":4},"end":{"line":151,"column":null}},"29":{"start":{"line":155,"column":4},"end":{"line":176,"column":null}},"30":{"start":{"line":158,"column":25},"end":{"line":158,"column":53}},"31":{"start":{"line":164,"column":25},"end":{"line":164,"column":48}},"32":{"start":{"line":170,"column":25},"end":{"line":170,"column":55}},"33":{"start":{"line":180,"column":4},"end":{"line":189,"column":null}},"34":{"start":{"line":182,"column":8},"end":{"line":182,"column":null}},"35":{"start":{"line":184,"column":8},"end":{"line":184,"column":null}},"36":{"start":{"line":186,"column":8},"end":{"line":186,"column":null}},"37":{"start":{"line":188,"column":8},"end":{"line":188,"column":null}},"38":{"start":{"line":193,"column":17},"end":{"line":193,"column":49}},"39":{"start":{"line":194,"column":4},"end":{"line":207,"column":null}},"40":{"start":{"line":203,"column":12},"end":{"line":203,"column":null}},"41":{"start":{"line":211,"column":4},"end":{"line":233,"column":null}},"42":{"start":{"line":215,"column":43},"end":{"line":230,"column":11}},"43":{"start":{"line":219,"column":31},"end":{"line":219,"column":56}},"44":{"start":{"line":237,"column":4},"end":{"line":264,"column":null}},"45":{"start":{"line":241,"column":41},"end":{"line":261,"column":11}},"46":{"start":{"line":268,"column":21},"end":{"line":268,"column":39}},"47":{"start":{"line":269,"column":20},"end":{"line":269,"column":64}},"48":{"start":{"line":271,"column":4},"end":{"line":298,"column":null}},"49":{"start":{"line":275,"column":27},"end":{"line":275,"column":46}},"50":{"start":{"line":282,"column":47},"end":{"line":287,"column":13}},"51":{"start":{"line":285,"column":33},"end":{"line":285,"column":58}},"52":{"start":{"line":290,"column":27},"end":{"line":290,"column":42}},"53":{"start":{"line":609,"column":0},"end":{"line":609,"column":null}}},"fnMap":{"0":{"name":"constructor","decl":{"start":{"line":78,"column":2},"end":{"line":78,"column":13}},"loc":{"start":{"line":78,"column":16},"end":{"line":83,"column":null}},"line":78},"1":{"name":"setMode","decl":{"start":{"line":85,"column":2},"end":{"line":85,"column":9}},"loc":{"start":{"line":85,"column":19},"end":{"line":98,"column":null}},"line":85},"2":{"name":"nextStep","decl":{"start":{"line":100,"column":2},"end":{"line":100,"column":10}},"loc":{"start":{"line":100,"column":13},"end":{"line":112,"column":null}},"line":100},"3":{"name":"previousStep","decl":{"start":{"line":114,"column":2},"end":{"line":114,"column":14}},"loc":{"start":{"line":114,"column":17},"end":{"line":125,"column":null}},"line":114},"4":{"name":"getMaxSteps","decl":{"start":{"line":127,"column":2},"end":{"line":127,"column":13}},"loc":{"start":{"line":127,"column":16},"end":{"line":138,"column":null}},"line":127},"5":{"name":"toggleFaqItem","decl":{"start":{"line":140,"column":2},"end":{"line":140,"column":15}},"loc":{"start":{"line":140,"column":23},"end":{"line":142,"column":null}},"line":140},"6":{"name":"render","decl":{"start":{"line":144,"column":2},"end":{"line":144,"column":8}},"loc":{"start":{"line":144,"column":11},"end":{"line":152,"column":null}},"line":144},"7":{"name":"renderModeSelector","decl":{"start":{"line":154,"column":2},"end":{"line":154,"column":20}},"loc":{"start":{"line":154,"column":23},"end":{"line":177,"column":null}},"line":154},"8":{"name":"(anonymous_8)","decl":{"start":{"line":158,"column":19},"end":{"line":158,"column":20}},"loc":{"start":{"line":158,"column":25},"end":{"line":158,"column":53}},"line":158},"9":{"name":"(anonymous_9)","decl":{"start":{"line":164,"column":19},"end":{"line":164,"column":20}},"loc":{"start":{"line":164,"column":25},"end":{"line":164,"column":48}},"line":164},"10":{"name":"(anonymous_10)","decl":{"start":{"line":170,"column":19},"end":{"line":170,"column":20}},"loc":{"start":{"line":170,"column":25},"end":{"line":170,"column":55}},"line":170},"11":{"name":"renderContent","decl":{"start":{"line":179,"column":2},"end":{"line":179,"column":15}},"loc":{"start":{"line":179,"column":18},"end":{"line":190,"column":null}},"line":179},"12":{"name":"renderTutorial","decl":{"start":{"line":192,"column":2},"end":{"line":192,"column":16}},"loc":{"start":{"line":192,"column":19},"end":{"line":208,"column":null}},"line":192},"13":{"name":"(anonymous_13)","decl":{"start":{"line":202,"column":65},"end":{"line":202,"column":66}},"loc":{"start":{"line":203,"column":12},"end":{"line":203,"column":null}},"line":203},"14":{"name":"renderFaq","decl":{"start":{"line":210,"column":2},"end":{"line":210,"column":11}},"loc":{"start":{"line":210,"column":14},"end":{"line":234,"column":null}},"line":210},"15":{"name":"(anonymous_15)","decl":{"start":{"line":215,"column":26},"end":{"line":215,"column":27}},"loc":{"start":{"line":215,"column":43},"end":{"line":230,"column":11}},"line":215},"16":{"name":"(anonymous_16)","decl":{"start":{"line":219,"column":25},"end":{"line":219,"column":26}},"loc":{"start":{"line":219,"column":31},"end":{"line":219,"column":56}},"line":219},"17":{"name":"renderComparison","decl":{"start":{"line":236,"column":2},"end":{"line":236,"column":18}},"loc":{"start":{"line":236,"column":21},"end":{"line":265,"column":null}},"line":236},"18":{"name":"(anonymous_18)","decl":{"start":{"line":241,"column":33},"end":{"line":241,"column":37}},"loc":{"start":{"line":241,"column":41},"end":{"line":261,"column":11}},"line":241},"19":{"name":"renderNavigation","decl":{"start":{"line":267,"column":2},"end":{"line":267,"column":18}},"loc":{"start":{"line":267,"column":21},"end":{"line":299,"column":null}},"line":267},"20":{"name":"(anonymous_20)","decl":{"start":{"line":275,"column":21},"end":{"line":275,"column":22}},"loc":{"start":{"line":275,"column":27},"end":{"line":275,"column":46}},"line":275},"21":{"name":"(anonymous_21)","decl":{"start":{"line":282,"column":33},"end":{"line":282,"column":34}},"loc":{"start":{"line":282,"column":47},"end":{"line":287,"column":13}},"line":282},"22":{"name":"(anonymous_22)","decl":{"start":{"line":285,"column":25},"end":{"line":285,"column":26}},"loc":{"start":{"line":285,"column":31},"end":{"line":285,"column":60}},"line":285},"23":{"name":"(anonymous_23)","decl":{"start":{"line":290,"column":21},"end":{"line":290,"column":22}},"loc":{"start":{"line":290,"column":27},"end":{"line":290,"column":42}},"line":290}},"branchMap":{"0":{"loc":{"start":{"line":86,"column":4},"end":{"line":97,"column":null}},"type":"if","locations":[{"start":{"line":86,"column":4},"end":{"line":97,"column":null}},{"start":{},"end":{}}],"line":86},"1":{"loc":{"start":{"line":102,"column":4},"end":{"line":111,"column":null}},"type":"if","locations":[{"start":{"line":102,"column":4},"end":{"line":111,"column":null}},{"start":{},"end":{}}],"line":102},"2":{"loc":{"start":{"line":115,"column":4},"end":{"line":124,"column":null}},"type":"if","locations":[{"start":{"line":115,"column":4},"end":{"line":124,"column":null}},{"start":{},"end":{}}],"line":115},"3":{"loc":{"start":{"line":128,"column":4},"end":{"line":137,"column":null}},"type":"switch","locations":[{"start":{"line":129,"column":6},"end":{"line":130,"column":null}},{"start":{"line":131,"column":6},"end":{"line":132,"column":null}},{"start":{"line":133,"column":6},"end":{"line":134,"column":null}},{"start":{"line":135,"column":6},"end":{"line":136,"column":null}}],"line":128},"4":{"loc":{"start":{"line":141,"column":28},"end":{"line":141,"column":74}},"type":"cond-expr","locations":[{"start":{"line":141,"column":62},"end":{"line":141,"column":66}},{"start":{"line":141,"column":69},"end":{"line":141,"column":74}}],"line":141},"5":{"loc":{"start":{"line":159,"column":33},"end":{"line":159,"column":78}},"type":"cond-expr","locations":[{"start":{"line":159,"column":64},"end":{"line":159,"column":73}},{"start":{"line":159,"column":76},"end":{"line":159,"column":78}}],"line":159},"6":{"loc":{"start":{"line":165,"column":33},"end":{"line":165,"column":73}},"type":"cond-expr","locations":[{"start":{"line":165,"column":59},"end":{"line":165,"column":68}},{"start":{"line":165,"column":71},"end":{"line":165,"column":73}}],"line":165},"7":{"loc":{"start":{"line":171,"column":33},"end":{"line":171,"column":80}},"type":"cond-expr","locations":[{"start":{"line":171,"column":66},"end":{"line":171,"column":75}},{"start":{"line":171,"column":78},"end":{"line":171,"column":80}}],"line":171},"8":{"loc":{"start":{"line":180,"column":4},"end":{"line":189,"column":null}},"type":"switch","locations":[{"start":{"line":181,"column":6},"end":{"line":182,"column":null}},{"start":{"line":183,"column":6},"end":{"line":184,"column":null}},{"start":{"line":185,"column":6},"end":{"line":186,"column":null}},{"start":{"line":187,"column":6},"end":{"line":188,"column":null}}],"line":180},"9":{"loc":{"start":{"line":203,"column":19},"end":{"line":203,"column":42}},"type":"cond-expr","locations":[{"start":{"line":203,"column":27},"end":{"line":203,"column":37}},{"start":{"line":203,"column":40},"end":{"line":203,"column":42}}],"line":203},"10":{"loc":{"start":{"line":222,"column":41},"end":{"line":222,"column":84}},"type":"cond-expr","locations":[{"start":{"line":222,"column":75},"end":{"line":222,"column":78}},{"start":{"line":222,"column":81},"end":{"line":222,"column":84}}],"line":222},"11":{"loc":{"start":{"line":224,"column":16},"end":{"line":228,"column":20}},"type":"cond-expr","locations":[{"start":{"line":224,"column":50},"end":{"line":228,"column":15}},{"start":{"line":228,"column":18},"end":{"line":228,"column":20}}],"line":224},"12":{"loc":{"start":{"line":269,"column":20},"end":{"line":269,"column":64}},"type":"binary-expr","locations":[{"start":{"line":269,"column":20},"end":{"line":269,"column":48}},{"start":{"line":269,"column":52},"end":{"line":269,"column":64}}],"line":269},"13":{"loc":{"start":{"line":272,"column":8},"end":{"line":297,"column":12}},"type":"cond-expr","locations":[{"start":{"line":272,"column":18},"end":{"line":297,"column":7}},{"start":{"line":297,"column":10},"end":{"line":297,"column":12}}],"line":272},"14":{"loc":{"start":{"line":284,"column":34},"end":{"line":284,"column":76}},"type":"cond-expr","locations":[{"start":{"line":284,"column":63},"end":{"line":284,"column":71}},{"start":{"line":284,"column":74},"end":{"line":284,"column":76}}],"line":284}},"s":{"0":1,"1":1,"2":1,"3":1,"4":1,"5":1,"6":65,"7":65,"8":65,"9":65,"10":59,"11":58,"12":58,"13":58,"14":58,"15":7,"16":7,"17":6,"18":6,"19":4,"20":3,"21":3,"22":120,"23":86,"24":23,"25":11,"26":0,"27":10,"28":110,"29":110,"30":0,"31":1,"32":0,"33":110,"34":78,"35":22,"36":10,"37":0,"38":78,"39":78,"40":121,"41":22,"42":88,"43":2,"44":10,"45":30,"46":110,"47":110,"48":110,"49":1,"50":234,"51":1,"52":1,"53":1},"f":{"0":65,"1":59,"2":7,"3":4,"4":120,"5":10,"6":110,"7":110,"8":0,"9":1,"10":0,"11":110,"12":78,"13":121,"14":22,"15":88,"16":2,"17":10,"18":30,"19":110,"20":1,"21":234,"22":1,"23":1},"b":{"0":[58,1],"1":[6,1],"2":[3,1],"3":[86,23,11,0],"4":[2,8],"5":[78,32],"6":[22,88],"7":[10,100],"8":[78,22,10,0],"9":[43,78],"10":[4,84],"11":[4,84],"12":[110,78],"13":[78,32],"14":[78,156]},"meta":{"lastBranch":15,"lastFunction":24,"lastStatement":54,"seen":{"s:4:14:8:1":0,"s:10:23:26:1":1,"s:28:18:45:1":2,"s:47:25:69:1":3,"s:72:22:76:3":4,"s:301:18:606:3":5,"f:78:2:78:13":0,"s:79:4:79:Infinity":6,"s:80:4:80:Infinity":7,"s:81:4:81:Infinity":8,"s:82:4:82:Infinity":9,"f:85:2:85:9":1,"b:86:4:97:Infinity:undefined:undefined:undefined:undefined":0,"s:86:4:97:Infinity":10,"s:87:6:87:Infinity":11,"s:88:6:88:Infinity":12,"s:89:6:89:Infinity":13,"s:90:6:96:Infinity":14,"f:100:2:100:10":2,"s:101:21:101:39":15,"b:102:4:111:Infinity:undefined:undefined:undefined:undefined":1,"s:102:4:111:Infinity":16,"s:103:6:103:Infinity":17,"s:104:6:110:Infinity":18,"f:114:2:114:14":3,"b:115:4:124:Infinity:undefined:undefined:undefined:undefined":2,"s:115:4:124:Infinity":19,"s:116:6:116:Infinity":20,"s:117:6:123:Infinity":21,"f:127:2:127:13":4,"b:129:6:130:Infinity:131:6:132:Infinity:133:6:134:Infinity:135:6:136:Infinity":3,"s:128:4:137:Infinity":22,"s:130:8:130:Infinity":23,"s:132:8:132:Infinity":24,"s:134:8:134:Infinity":25,"s:136:8:136:Infinity":26,"f:140:2:140:15":5,"s:141:4:141:Infinity":27,"b:141:62:141:66:141:69:141:74":4,"f:144:2:144:8":6,"s:145:4:151:Infinity":28,"f:154:2:154:20":7,"s:155:4:176:Infinity":29,"f:158:19:158:20":8,"s:158:25:158:53":30,"b:159:64:159:73:159:76:159:78":5,"f:164:19:164:20":9,"s:164:25:164:48":31,"b:165:59:165:68:165:71:165:73":6,"f:170:19:170:20":10,"s:170:25:170:55":32,"b:171:66:171:75:171:78:171:80":7,"f:179:2:179:15":11,"b:181:6:182:Infinity:183:6:184:Infinity:185:6:186:Infinity:187:6:188:Infinity":8,"s:180:4:189:Infinity":33,"s:182:8:182:Infinity":34,"s:184:8:184:Infinity":35,"s:186:8:186:Infinity":36,"s:188:8:188:Infinity":37,"f:192:2:192:16":12,"s:193:17:193:49":38,"s:194:4:207:Infinity":39,"f:202:65:202:66":13,"s:203:12:203:Infinity":40,"b:203:27:203:37:203:40:203:42":9,"f:210:2:210:11":14,"s:211:4:233:Infinity":41,"f:215:26:215:27":15,"s:215:43:230:11":42,"f:219:25:219:26":16,"s:219:31:219:56":43,"b:222:75:222:78:222:81:222:84":10,"b:224:50:228:15:228:18:228:20":11,"f:236:2:236:18":17,"s:237:4:264:Infinity":44,"f:241:33:241:37":18,"s:241:41:261:11":45,"f:267:2:267:18":19,"s:268:21:268:39":46,"s:269:20:269:64":47,"b:269:20:269:48:269:52:269:64":12,"s:271:4:298:Infinity":48,"b:272:18:297:7:297:10:297:12":13,"f:275:21:275:22":20,"s:275:27:275:46":49,"f:282:33:282:34":21,"s:282:47:287:13":50,"b:284:63:284:71:284:74:284:76":14,"f:285:25:285:26":22,"s:285:33:285:58":51,"f:290:21:290:22":23,"s:290:27:290:42":52,"s:609:0:609:Infinity":53},"fnNames":{}}}
,"/Users/midesweb/sites/github-copilot/pomodoro/src/components/pom-sessions-history.js": {"path":"/Users/midesweb/sites/github-copilot/pomodoro/src/components/pom-sessions-history.js","statementMap":{"0":{"start":{"line":6,"column":37},"end":{"line":6,"column":null}},"1":{"start":{"line":7,"column":28},"end":{"line":14,"column":null}},"2":{"start":{"line":17,"column":18},"end":{"line":108,"column":null}},"3":{"start":{"line":110,"column":22},"end":{"line":116,"column":null}},"4":{"start":{"line":119,"column":4},"end":{"line":119,"column":null}},"5":{"start":{"line":120,"column":4},"end":{"line":120,"column":null}},"6":{"start":{"line":121,"column":4},"end":{"line":121,"column":null}},"7":{"start":{"line":122,"column":4},"end":{"line":122,"column":null}},"8":{"start":{"line":123,"column":4},"end":{"line":123,"column":null}},"9":{"start":{"line":124,"column":4},"end":{"line":124,"column":null}},"10":{"start":{"line":128,"column":4},"end":{"line":128,"column":null}},"11":{"start":{"line":129,"column":4},"end":{"line":129,"column":null}},"12":{"start":{"line":131,"column":26},"end":{"line":131,"column":null}},"13":{"start":{"line":132,"column":4},"end":{"line":134,"column":null}},"14":{"start":{"line":133,"column":6},"end":{"line":133,"column":null}},"15":{"start":{"line":133,"column":68},"end":{"line":133,"column":87}},"16":{"start":{"line":138,"column":4},"end":{"line":168,"column":null}},"17":{"start":{"line":172,"column":4},"end":{"line":193,"column":null}},"18":{"start":{"line":183,"column":25},"end":{"line":189,"column":null}},"19":{"start":{"line":197,"column":4},"end":{"line":197,"column":null}},"20":{"start":{"line":197,"column":31},"end":{"line":197,"column":null}},"21":{"start":{"line":199,"column":4},"end":{"line":199,"column":null}},"22":{"start":{"line":200,"column":4},"end":{"line":200,"column":null}},"23":{"start":{"line":202,"column":4},"end":{"line":210,"column":null}},"24":{"start":{"line":203,"column":23},"end":{"line":203,"column":null}},"25":{"start":{"line":204,"column":6},"end":{"line":204,"column":null}},"26":{"start":{"line":206,"column":6},"end":{"line":206,"column":null}},"27":{"start":{"line":207,"column":6},"end":{"line":207,"column":null}},"28":{"start":{"line":209,"column":6},"end":{"line":209,"column":null}},"29":{"start":{"line":214,"column":4},"end":{"line":214,"column":null}},"30":{"start":{"line":218,"column":4},"end":{"line":218,"column":null}},"31":{"start":{"line":222,"column":4},"end":{"line":222,"column":null}},"32":{"start":{"line":222,"column":31},"end":{"line":222,"column":null}},"33":{"start":{"line":224,"column":4},"end":{"line":224,"column":null}},"34":{"start":{"line":225,"column":4},"end":{"line":225,"column":null}},"35":{"start":{"line":227,"column":4},"end":{"line":234,"column":null}},"36":{"start":{"line":228,"column":6},"end":{"line":228,"column":null}},"37":{"start":{"line":229,"column":6},"end":{"line":229,"column":null}},"38":{"start":{"line":231,"column":6},"end":{"line":231,"column":null}},"39":{"start":{"line":233,"column":6},"end":{"line":233,"column":null}},"40":{"start":{"line":238,"column":4},"end":{"line":243,"column":null}},"41":{"start":{"line":239,"column":19},"end":{"line":239,"column":null}},"42":{"start":{"line":240,"column":6},"end":{"line":240,"column":null}},"43":{"start":{"line":242,"column":6},"end":{"line":242,"column":null}},"44":{"start":{"line":247,"column":4},"end":{"line":247,"column":null}},"45":{"start":{"line":247,"column":26},"end":{"line":247,"column":null}},"46":{"start":{"line":249,"column":18},"end":{"line":249,"column":null}},"47":{"start":{"line":250,"column":20},"end":{"line":250,"column":null}},"48":{"start":{"line":251,"column":20},"end":{"line":251,"column":null}},"49":{"start":{"line":253,"column":4},"end":{"line":259,"column":null}},"50":{"start":{"line":254,"column":6},"end":{"line":254,"column":null}},"51":{"start":{"line":255,"column":11},"end":{"line":259,"column":null}},"52":{"start":{"line":256,"column":6},"end":{"line":256,"column":null}},"53":{"start":{"line":258,"column":6},"end":{"line":258,"column":null}},"54":{"start":{"line":263,"column":0},"end":{"line":263,"column":null}}},"fnMap":{"0":{"name":"constructor","decl":{"start":{"line":118,"column":2},"end":{"line":118,"column":13}},"loc":{"start":{"line":118,"column":16},"end":{"line":125,"column":null}},"line":118},"1":{"name":"firstUpdated","decl":{"start":{"line":127,"column":2},"end":{"line":127,"column":14}},"loc":{"start":{"line":127,"column":17},"end":{"line":135,"column":null}},"line":127},"2":{"name":"(anonymous_2)","decl":{"start":{"line":133,"column":62},"end":{"line":133,"column":63}},"loc":{"start":{"line":133,"column":68},"end":{"line":133,"column":87}},"line":133},"3":{"name":"render","decl":{"start":{"line":137,"column":2},"end":{"line":137,"column":8}},"loc":{"start":{"line":137,"column":11},"end":{"line":169,"column":null}},"line":137},"4":{"name":"_renderTable","decl":{"start":{"line":171,"column":2},"end":{"line":171,"column":14}},"loc":{"start":{"line":171,"column":17},"end":{"line":194,"column":null}},"line":171},"5":{"name":"(anonymous_5)","decl":{"start":{"line":183,"column":12},"end":{"line":183,"column":13}},"loc":{"start":{"line":183,"column":25},"end":{"line":189,"column":null}},"line":183},"6":{"name":"_loadSessions","decl":{"start":{"line":196,"column":8},"end":{"line":196,"column":21}},"loc":{"start":{"line":196,"column":24},"end":{"line":211,"column":null}},"line":196},"7":{"name":"_handleRefresh","decl":{"start":{"line":213,"column":2},"end":{"line":213,"column":16}},"loc":{"start":{"line":213,"column":19},"end":{"line":215,"column":null}},"line":213},"8":{"name":"_openResetConfirm","decl":{"start":{"line":217,"column":2},"end":{"line":217,"column":19}},"loc":{"start":{"line":217,"column":22},"end":{"line":219,"column":null}},"line":217},"9":{"name":"_handleReset","decl":{"start":{"line":221,"column":8},"end":{"line":221,"column":20}},"loc":{"start":{"line":221,"column":23},"end":{"line":235,"column":null}},"line":221},"10":{"name":"_formatDate","decl":{"start":{"line":237,"column":2},"end":{"line":237,"column":13}},"loc":{"start":{"line":237,"column":26},"end":{"line":244,"column":null}},"line":237},"11":{"name":"_formatDuration","decl":{"start":{"line":246,"column":2},"end":{"line":246,"column":17}},"loc":{"start":{"line":246,"column":35},"end":{"line":260,"column":null}},"line":246}},"branchMap":{"0":{"loc":{"start":{"line":132,"column":4},"end":{"line":134,"column":null}},"type":"if","locations":[{"start":{"line":132,"column":4},"end":{"line":134,"column":null}},{"start":{},"end":{}}],"line":132},"1":{"loc":{"start":{"line":151,"column":10},"end":{"line":151,"column":78}},"type":"cond-expr","locations":[{"start":{"line":151,"column":23},"end":{"line":151,"column":73}},{"start":{"line":151,"column":76},"end":{"line":151,"column":78}}],"line":151},"2":{"loc":{"start":{"line":155,"column":14},"end":{"line":155,"column":68}},"type":"cond-expr","locations":[{"start":{"line":155,"column":31},"end":{"line":155,"column":50}},{"start":{"line":155,"column":53},"end":{"line":155,"column":68}}],"line":155},"3":{"loc":{"start":{"line":157,"column":68},"end":{"line":157,"column":102}},"type":"binary-expr","locations":[{"start":{"line":157,"column":68},"end":{"line":157,"column":82}},{"start":{"line":157,"column":86},"end":{"line":157,"column":102}}],"line":157},"4":{"loc":{"start":{"line":158,"column":14},"end":{"line":158,"column":64}},"type":"cond-expr","locations":[{"start":{"line":158,"column":33},"end":{"line":158,"column":51}},{"start":{"line":158,"column":54},"end":{"line":158,"column":64}}],"line":158},"5":{"loc":{"start":{"line":162,"column":10},"end":{"line":166,"column":33}},"type":"cond-expr","locations":[{"start":{"line":163,"column":12},"end":{"line":163,"column":null}},{"start":{"line":164,"column":12},"end":{"line":166,"column":33}}],"line":162},"6":{"loc":{"start":{"line":162,"column":10},"end":{"line":162,"column":null}},"type":"binary-expr","locations":[{"start":{"line":162,"column":10},"end":{"line":162,"column":24}},{"start":{"line":162,"column":28},"end":{"line":162,"column":null}}],"line":162},"7":{"loc":{"start":{"line":164,"column":12},"end":{"line":166,"column":33}},"type":"cond-expr","locations":[{"start":{"line":165,"column":14},"end":{"line":165,"column":null}},{"start":{"line":166,"column":14},"end":{"line":166,"column":33}}],"line":164},"8":{"loc":{"start":{"line":186,"column":22},"end":{"line":186,"column":79}},"type":"cond-expr","locations":[{"start":{"line":186,"column":40},"end":{"line":186,"column":73}},{"start":{"line":186,"column":76},"end":{"line":186,"column":79}}],"line":186},"9":{"loc":{"start":{"line":197,"column":4},"end":{"line":197,"column":null}},"type":"if","locations":[{"start":{"line":197,"column":4},"end":{"line":197,"column":null}},{"start":{},"end":{}}],"line":197},"10":{"loc":{"start":{"line":204,"column":22},"end":{"line":204,"column":null}},"type":"binary-expr","locations":[{"start":{"line":204,"column":22},"end":{"line":204,"column":30}},{"start":{"line":204,"column":34},"end":{"line":204,"column":null}}],"line":204},"11":{"loc":{"start":{"line":222,"column":4},"end":{"line":222,"column":null}},"type":"if","locations":[{"start":{"line":222,"column":4},"end":{"line":222,"column":null}},{"start":{},"end":{}}],"line":222},"12":{"loc":{"start":{"line":247,"column":4},"end":{"line":247,"column":null}},"type":"if","locations":[{"start":{"line":247,"column":4},"end":{"line":247,"column":null}},{"start":{},"end":{}}],"line":247},"13":{"loc":{"start":{"line":253,"column":4},"end":{"line":259,"column":null}},"type":"if","locations":[{"start":{"line":253,"column":4},"end":{"line":259,"column":null}},{"start":{"line":255,"column":11},"end":{"line":259,"column":null}}],"line":253},"14":{"loc":{"start":{"line":255,"column":11},"end":{"line":259,"column":null}},"type":"if","locations":[{"start":{"line":255,"column":11},"end":{"line":259,"column":null}},{"start":{"line":257,"column":11},"end":{"line":259,"column":null}}],"line":255}},"s":{"0":2,"1":2,"2":2,"3":2,"4":78,"5":78,"6":78,"7":78,"8":78,"9":78,"10":78,"11":78,"12":78,"13":78,"14":78,"15":0,"16":242,"17":61,"18":140,"19":91,"20":44,"21":47,"22":47,"23":47,"24":47,"25":46,"26":1,"27":1,"28":47,"29":1,"30":1,"31":7,"32":0,"33":7,"34":7,"35":7,"36":7,"37":6,"38":1,"39":7,"40":223,"41":223,"42":223,"43":0,"44":147,"45":21,"46":126,"47":126,"48":126,"49":126,"50":2,"51":124,"52":123,"53":1,"54":2},"f":{"0":78,"1":78,"2":0,"3":242,"4":61,"5":140,"6":91,"7":1,"8":1,"9":7,"10":223,"11":147},"b":{"0":[78,0],"1":[3,239],"2":[50,192],"3":[242,192],"4":[21,221],"5":[47,195],"6":[242,50],"7":[134,61],"8":[79,61],"9":[44,47],"10":[46,0],"11":[0,7],"12":[21,126],"13":[2,124],"14":[123,1]},"meta":{"lastBranch":15,"lastFunction":12,"lastStatement":55,"seen":{"s:6:37:6:Infinity":0,"s:7:28:14:Infinity":1,"s:17:18:108:Infinity":2,"s:110:22:116:Infinity":3,"f:118:2:118:13":0,"s:119:4:119:Infinity":4,"s:120:4:120:Infinity":5,"s:121:4:121:Infinity":6,"s:122:4:122:Infinity":7,"s:123:4:123:Infinity":8,"s:124:4:124:Infinity":9,"f:127:2:127:14":1,"s:128:4:128:Infinity":10,"s:129:4:129:Infinity":11,"s:131:26:131:Infinity":12,"b:132:4:134:Infinity:undefined:undefined:undefined:undefined":0,"s:132:4:134:Infinity":13,"s:133:6:133:Infinity":14,"f:133:62:133:63":2,"s:133:68:133:87":15,"f:137:2:137:8":3,"s:138:4:168:Infinity":16,"b:151:23:151:73:151:76:151:78":1,"b:155:31:155:50:155:53:155:68":2,"b:157:68:157:82:157:86:157:102":3,"b:158:33:158:51:158:54:158:64":4,"b:163:12:163:Infinity:164:12:166:33":5,"b:162:10:162:24:162:28:162:Infinity":6,"b:165:14:165:Infinity:166:14:166:33":7,"f:171:2:171:14":4,"s:172:4:193:Infinity":17,"f:183:12:183:13":5,"s:183:25:189:Infinity":18,"b:186:40:186:73:186:76:186:79":8,"f:196:8:196:21":6,"b:197:4:197:Infinity:undefined:undefined:undefined:undefined":9,"s:197:4:197:Infinity":19,"s:197:31:197:Infinity":20,"s:199:4:199:Infinity":21,"s:200:4:200:Infinity":22,"s:202:4:210:Infinity":23,"s:203:23:203:Infinity":24,"s:204:6:204:Infinity":25,"b:204:22:204:30:204:34:204:Infinity":10,"s:206:6:206:Infinity":26,"s:207:6:207:Infinity":27,"s:209:6:209:Infinity":28,"f:213:2:213:16":7,"s:214:4:214:Infinity":29,"f:217:2:217:19":8,"s:218:4:218:Infinity":30,"f:221:8:221:20":9,"b:222:4:222:Infinity:undefined:undefined:undefined:undefined":11,"s:222:4:222:Infinity":31,"s:222:31:222:Infinity":32,"s:224:4:224:Infinity":33,"s:225:4:225:Infinity":34,"s:227:4:234:Infinity":35,"s:228:6:228:Infinity":36,"s:229:6:229:Infinity":37,"s:231:6:231:Infinity":38,"s:233:6:233:Infinity":39,"f:237:2:237:13":10,"s:238:4:243:Infinity":40,"s:239:19:239:Infinity":41,"s:240:6:240:Infinity":42,"s:242:6:242:Infinity":43,"f:246:2:246:17":11,"b:247:4:247:Infinity:undefined:undefined:undefined:undefined":12,"s:247:4:247:Infinity":44,"s:247:26:247:Infinity":45,"s:249:18:249:Infinity":46,"s:250:20:250:Infinity":47,"s:251:20:251:Infinity":48,"b:253:4:259:Infinity:255:11:259:Infinity":13,"s:253:4:259:Infinity":49,"s:254:6:254:Infinity":50,"b:255:11:259:Infinity:257:11:259:Infinity":14,"s:255:11:259:Infinity":51,"s:256:6:256:Infinity":52,"s:258:6:258:Infinity":53,"s:263:0:263:Infinity":54},"fnNames":{}}}
,"/Users/midesweb/sites/github-copilot/pomodoro/src/components/pom-timer.js": {"path":"/Users/midesweb/sites/github-copilot/pomodoro/src/components/pom-timer.js","statementMap":{"0":{"start":{"line":5,"column":29},"end":{"line":5,"column":null}},"1":{"start":{"line":8,"column":18},"end":{"line":77,"column":null}},"2":{"start":{"line":79,"column":22},"end":{"line":84,"column":null}},"3":{"start":{"line":87,"column":4},"end":{"line":87,"column":null}},"4":{"start":{"line":88,"column":4},"end":{"line":88,"column":null}},"5":{"start":{"line":89,"column":4},"end":{"line":89,"column":null}},"6":{"start":{"line":90,"column":4},"end":{"line":90,"column":null}},"7":{"start":{"line":91,"column":4},"end":{"line":91,"column":null}},"8":{"start":{"line":95,"column":24},"end":{"line":95,"column":null}},"9":{"start":{"line":96,"column":20},"end":{"line":96,"column":null}},"10":{"start":{"line":97,"column":24},"end":{"line":97,"column":null}},"11":{"start":{"line":99,"column":18},"end":{"line":99,"column":null}},"12":{"start":{"line":100,"column":4},"end":{"line":102,"column":null}},"13":{"start":{"line":100,"column":17},"end":{"line":100,"column":18}},"14":{"start":{"line":101,"column":6},"end":{"line":101,"column":null}},"15":{"start":{"line":103,"column":4},"end":{"line":103,"column":null}},"16":{"start":{"line":107,"column":26},"end":{"line":107,"column":null}},"17":{"start":{"line":109,"column":4},"end":{"line":124,"column":null}},"18":{"start":{"line":111,"column":40},"end":{"line":113,"column":9}},"19":{"start":{"line":128,"column":4},"end":{"line":128,"column":null}},"20":{"start":{"line":132,"column":4},"end":{"line":132,"column":null}},"21":{"start":{"line":136,"column":0},"end":{"line":136,"column":null}}},"fnMap":{"0":{"name":"constructor","decl":{"start":{"line":86,"column":2},"end":{"line":86,"column":13}},"loc":{"start":{"line":86,"column":16},"end":{"line":92,"column":null}},"line":86},"1":{"name":"_getProgressCells","decl":{"start":{"line":94,"column":2},"end":{"line":94,"column":19}},"loc":{"start":{"line":94,"column":22},"end":{"line":104,"column":null}},"line":94},"2":{"name":"render","decl":{"start":{"line":106,"column":2},"end":{"line":106,"column":8}},"loc":{"start":{"line":106,"column":11},"end":{"line":125,"column":null}},"line":106},"3":{"name":"(anonymous_3)","decl":{"start":{"line":111,"column":28},"end":{"line":111,"column":36}},"loc":{"start":{"line":111,"column":40},"end":{"line":113,"column":9}},"line":111},"4":{"name":"_handleStart","decl":{"start":{"line":127,"column":2},"end":{"line":127,"column":14}},"loc":{"start":{"line":127,"column":17},"end":{"line":129,"column":null}},"line":127},"5":{"name":"_handleReset","decl":{"start":{"line":131,"column":2},"end":{"line":131,"column":14}},"loc":{"start":{"line":131,"column":17},"end":{"line":133,"column":null}},"line":131}},"branchMap":{"0":{"loc":{"start":{"line":112,"column":38},"end":{"line":112,"column":62}},"type":"cond-expr","locations":[{"start":{"line":112,"column":49},"end":{"line":112,"column":57}},{"start":{"line":112,"column":60},"end":{"line":112,"column":62}}],"line":112},"1":{"loc":{"start":{"line":120,"column":12},"end":{"line":120,"column":53}},"type":"cond-expr","locations":[{"start":{"line":120,"column":29},"end":{"line":120,"column":39}},{"start":{"line":120,"column":42},"end":{"line":120,"column":53}}],"line":120}},"s":{"0":2,"1":2,"2":2,"3":57,"4":57,"5":57,"6":57,"7":57,"8":371,"9":371,"10":371,"11":371,"12":371,"13":371,"14":37100,"15":371,"16":367,"17":367,"18":36700,"19":36,"20":2,"21":2},"f":{"0":57,"1":371,"2":367,"3":36700,"4":36,"5":2},"b":{"0":[496,36204],"1":[296,71]},"meta":{"lastBranch":2,"lastFunction":6,"lastStatement":22,"seen":{"s:5:29:5:Infinity":0,"s:8:18:77:Infinity":1,"s:79:22:84:Infinity":2,"f:86:2:86:13":0,"s:87:4:87:Infinity":3,"s:88:4:88:Infinity":4,"s:89:4:89:Infinity":5,"s:90:4:90:Infinity":6,"s:91:4:91:Infinity":7,"f:94:2:94:19":1,"s:95:24:95:Infinity":8,"s:96:20:96:Infinity":9,"s:97:24:97:Infinity":10,"s:99:18:99:Infinity":11,"s:100:4:102:Infinity":12,"s:100:17:100:18":13,"s:101:6:101:Infinity":14,"s:103:4:103:Infinity":15,"f:106:2:106:8":2,"s:107:26:107:Infinity":16,"s:109:4:124:Infinity":17,"f:111:28:111:36":3,"s:111:40:113:9":18,"b:112:49:112:57:112:60:112:62":0,"b:120:29:120:39:120:42:120:53":1,"f:127:2:127:14":4,"s:128:4:128:Infinity":19,"f:131:2:131:14":5,"s:132:4:132:Infinity":20,"s:136:0:136:Infinity":21},"fnNames":{}}}
,"/Users/midesweb/sites/github-copilot/pomodoro/src/services/pomodoroSessionService.js": {"path":"/Users/midesweb/sites/github-copilot/pomodoro/src/services/pomodoroSessionService.js","statementMap":{"0":{"start":{"line":3,"column":16},"end":{"line":3,"column":null}},"1":{"start":{"line":4,"column":23},"end":{"line":4,"column":null}},"2":{"start":{"line":8,"column":4},"end":{"line":14,"column":null}},"3":{"start":{"line":18,"column":4},"end":{"line":23,"column":null}},"4":{"start":{"line":19,"column":23},"end":{"line":19,"column":null}},"5":{"start":{"line":20,"column":6},"end":{"line":20,"column":null}},"6":{"start":{"line":22,"column":6},"end":{"line":22,"column":null}},"7":{"start":{"line":27,"column":4},"end":{"line":32,"column":null}},"8":{"start":{"line":28,"column":23},"end":{"line":28,"column":null}},"9":{"start":{"line":29,"column":6},"end":{"line":29,"column":null}},"10":{"start":{"line":31,"column":6},"end":{"line":31,"column":null}},"11":{"start":{"line":36,"column":4},"end":{"line":41,"column":null}},"12":{"start":{"line":37,"column":23},"end":{"line":37,"column":null}},"13":{"start":{"line":38,"column":6},"end":{"line":38,"column":null}},"14":{"start":{"line":40,"column":6},"end":{"line":40,"column":null}},"15":{"start":{"line":45,"column":4},"end":{"line":50,"column":null}},"16":{"start":{"line":46,"column":23},"end":{"line":46,"column":null}},"17":{"start":{"line":47,"column":6},"end":{"line":47,"column":null}},"18":{"start":{"line":49,"column":6},"end":{"line":49,"column":null}},"19":{"start":{"line":54,"column":23},"end":{"line":54,"column":null}},"20":{"start":{"line":56,"column":4},"end":{"line":76,"column":null}},"21":{"start":{"line":57,"column":6},"end":{"line":57,"column":null}},"22":{"start":{"line":58,"column":11},"end":{"line":76,"column":null}},"23":{"start":{"line":59,"column":6},"end":{"line":59,"column":null}},"24":{"start":{"line":60,"column":11},"end":{"line":76,"column":null}},"25":{"start":{"line":62,"column":21},"end":{"line":62,"column":null}},"26":{"start":{"line":63,"column":19},"end":{"line":63,"column":null}},"27":{"start":{"line":65,"column":6},"end":{"line":73,"column":null}},"28":{"start":{"line":66,"column":8},"end":{"line":66,"column":null}},"29":{"start":{"line":67,"column":13},"end":{"line":73,"column":null}},"30":{"start":{"line":68,"column":8},"end":{"line":68,"column":null}},"31":{"start":{"line":69,"column":13},"end":{"line":73,"column":null}},"32":{"start":{"line":70,"column":8},"end":{"line":70,"column":null}},"33":{"start":{"line":72,"column":8},"end":{"line":72,"column":null}},"34":{"start":{"line":74,"column":11},"end":{"line":76,"column":null}},"35":{"start":{"line":75,"column":6},"end":{"line":75,"column":null}},"36":{"start":{"line":78,"column":24},"end":{"line":78,"column":null}},"37":{"start":{"line":79,"column":4},"end":{"line":79,"column":null}},"38":{"start":{"line":80,"column":4},"end":{"line":80,"column":null}}},"fnMap":{"0":{"name":"constructor","decl":{"start":{"line":7,"column":2},"end":{"line":7,"column":13}},"loc":{"start":{"line":7,"column":16},"end":{"line":15,"column":null}},"line":7},"1":{"name":"startSession","decl":{"start":{"line":17,"column":8},"end":{"line":17,"column":20}},"loc":{"start":{"line":17,"column":23},"end":{"line":24,"column":null}},"line":17},"2":{"name":"stopSession","decl":{"start":{"line":26,"column":8},"end":{"line":26,"column":19}},"loc":{"start":{"line":26,"column":22},"end":{"line":33,"column":null}},"line":26},"3":{"name":"getSessions","decl":{"start":{"line":35,"column":8},"end":{"line":35,"column":19}},"loc":{"start":{"line":35,"column":22},"end":{"line":42,"column":null}},"line":35},"4":{"name":"resetSessions","decl":{"start":{"line":44,"column":8},"end":{"line":44,"column":21}},"loc":{"start":{"line":44,"column":24},"end":{"line":51,"column":null}},"line":44},"5":{"name":"_handleError","decl":{"start":{"line":53,"column":2},"end":{"line":53,"column":14}},"loc":{"start":{"line":53,"column":33},"end":{"line":81,"column":null}},"line":53}},"branchMap":{"0":{"loc":{"start":{"line":3,"column":16},"end":{"line":3,"column":null}},"type":"binary-expr","locations":[{"start":{"line":3,"column":16},"end":{"line":3,"column":44}},{"start":{"line":3,"column":48},"end":{"line":3,"column":null}}],"line":3},"1":{"loc":{"start":{"line":56,"column":4},"end":{"line":76,"column":null}},"type":"if","locations":[{"start":{"line":56,"column":4},"end":{"line":76,"column":null}},{"start":{"line":58,"column":11},"end":{"line":76,"column":null}}],"line":56},"2":{"loc":{"start":{"line":58,"column":11},"end":{"line":76,"column":null}},"type":"if","locations":[{"start":{"line":58,"column":11},"end":{"line":76,"column":null}},{"start":{"line":60,"column":11},"end":{"line":76,"column":null}}],"line":58},"3":{"loc":{"start":{"line":58,"column":15},"end":{"line":58,"column":76}},"type":"binary-expr","locations":[{"start":{"line":58,"column":15},"end":{"line":58,"column":44}},{"start":{"line":58,"column":48},"end":{"line":58,"column":76}}],"line":58},"4":{"loc":{"start":{"line":60,"column":11},"end":{"line":76,"column":null}},"type":"if","locations":[{"start":{"line":60,"column":11},"end":{"line":76,"column":null}},{"start":{"line":74,"column":11},"end":{"line":76,"column":null}}],"line":60},"5":{"loc":{"start":{"line":65,"column":6},"end":{"line":73,"column":null}},"type":"if","locations":[{"start":{"line":65,"column":6},"end":{"line":73,"column":null}},{"start":{"line":67,"column":13},"end":{"line":73,"column":null}}],"line":65},"6":{"loc":{"start":{"line":66,"column":23},"end":{"line":66,"column":null}},"type":"binary-expr","locations":[{"start":{"line":66,"column":23},"end":{"line":66,"column":36}},{"start":{"line":66,"column":40},"end":{"line":66,"column":null}}],"line":66},"7":{"loc":{"start":{"line":67,"column":13},"end":{"line":73,"column":null}},"type":"if","locations":[{"start":{"line":67,"column":13},"end":{"line":73,"column":null}},{"start":{"line":69,"column":13},"end":{"line":73,"column":null}}],"line":67},"8":{"loc":{"start":{"line":69,"column":13},"end":{"line":73,"column":null}},"type":"if","locations":[{"start":{"line":69,"column":13},"end":{"line":73,"column":null}},{"start":{"line":71,"column":13},"end":{"line":73,"column":null}}],"line":69},"9":{"loc":{"start":{"line":72,"column":48},"end":{"line":72,"column":78}},"type":"binary-expr","locations":[{"start":{"line":72,"column":48},"end":{"line":72,"column":61}},{"start":{"line":72,"column":65},"end":{"line":72,"column":78}}],"line":72},"10":{"loc":{"start":{"line":74,"column":11},"end":{"line":76,"column":null}},"type":"if","locations":[{"start":{"line":74,"column":11},"end":{"line":76,"column":null}},{"start":{},"end":{}}],"line":74}},"s":{"0":2,"1":2,"2":47,"3":27,"4":27,"5":21,"6":6,"7":10,"8":10,"9":9,"10":1,"11":41,"12":41,"13":39,"14":2,"15":4,"16":4,"17":3,"18":1,"19":10,"20":10,"21":0,"22":10,"23":4,"24":6,"25":6,"26":6,"27":6,"28":2,"29":4,"30":1,"31":3,"32":3,"33":0,"34":0,"35":0,"36":10,"37":10,"38":10},"f":{"0":47,"1":27,"2":10,"3":41,"4":4,"5":10},"b":{"0":[2,0],"1":[0,10],"2":[4,6],"3":[10,10],"4":[6,0],"5":[2,4],"6":[2,1],"7":[1,3],"8":[3,0],"9":[0,0],"10":[0,0]},"meta":{"lastBranch":11,"lastFunction":6,"lastStatement":39,"seen":{"s:3:16:3:Infinity":0,"b:3:16:3:44:3:48:3:Infinity":0,"s:4:23:4:Infinity":1,"f:7:2:7:13":0,"s:8:4:14:Infinity":2,"f:17:8:17:20":1,"s:18:4:23:Infinity":3,"s:19:23:19:Infinity":4,"s:20:6:20:Infinity":5,"s:22:6:22:Infinity":6,"f:26:8:26:19":2,"s:27:4:32:Infinity":7,"s:28:23:28:Infinity":8,"s:29:6:29:Infinity":9,"s:31:6:31:Infinity":10,"f:35:8:35:19":3,"s:36:4:41:Infinity":11,"s:37:23:37:Infinity":12,"s:38:6:38:Infinity":13,"s:40:6:40:Infinity":14,"f:44:8:44:21":4,"s:45:4:50:Infinity":15,"s:46:23:46:Infinity":16,"s:47:6:47:Infinity":17,"s:49:6:49:Infinity":18,"f:53:2:53:14":5,"s:54:23:54:Infinity":19,"b:56:4:76:Infinity:58:11:76:Infinity":1,"s:56:4:76:Infinity":20,"s:57:6:57:Infinity":21,"b:58:11:76:Infinity:60:11:76:Infinity":2,"s:58:11:76:Infinity":22,"b:58:15:58:44:58:48:58:76":3,"s:59:6:59:Infinity":23,"b:60:11:76:Infinity:74:11:76:Infinity":4,"s:60:11:76:Infinity":24,"s:62:21:62:Infinity":25,"s:63:19:63:Infinity":26,"b:65:6:73:Infinity:67:13:73:Infinity":5,"s:65:6:73:Infinity":27,"s:66:8:66:Infinity":28,"b:66:23:66:36:66:40:66:Infinity":6,"b:67:13:73:Infinity:69:13:73:Infinity":7,"s:67:13:73:Infinity":29,"s:68:8:68:Infinity":30,"b:69:13:73:Infinity:71:13:73:Infinity":8,"s:69:13:73:Infinity":31,"s:70:8:70:Infinity":32,"s:72:8:72:Infinity":33,"b:72:48:72:61:72:65:72:78":9,"b:74:11:76:Infinity:undefined:undefined:undefined:undefined":10,"s:74:11:76:Infinity":34,"s:75:6:75:Infinity":35,"s:78:24:78:Infinity":36,"s:79:4:79:Infinity":37,"s:80:4:80:Infinity":38},"fnNames":{}}}
}
